<?xml version="1.0" encoding="UTF-8"?>
<!-- Generated by org.testng.reporters.JUnitReportReporter -->
<testsuite hostname="Neevetha" failures="0" tests="1" name="scripts.FaceBookLike" time="68.474" errors="0" timestamp="2021-10-01T23:27:10 IST" skipped="0">
  <testcase classname="scripts.FaceBookLike" name="tc2" time="68.474"/>
  <system-out/>
</testsuite> <!-- scripts.FaceBookLike -->
