<?xml version="1.0" encoding="UTF-8"?>
<!-- Generated by org.testng.reporters.JUnitReportReporter -->
<testsuite hostname="Neevetha" failures="0" tests="1" name="scripts.AddingcourseTocart" time="43.349" errors="0" timestamp="2021-10-01T22:49:14 IST" skipped="0">
  <testcase classname="scripts.AddingcourseTocart" name="tc1" time="43.349"/>
  <system-out/>
</testsuite> <!-- scripts.AddingcourseTocart -->
