<?xml version="1.0" encoding="UTF-8"?>
<!-- Generated by org.testng.reporters.JUnitReportReporter -->
<testsuite hostname="Neevetha" failures="0" tests="1" name="scripts.Videoplayscenario" time="116.766" errors="0" timestamp="2021-10-01T22:49:13 IST" skipped="0">
  <testcase classname="scripts.Videoplayscenario" name="tc3" time="116.766"/>
  <system-out/>
</testsuite> <!-- scripts.Videoplayscenario -->
