<?xml version="1.0" encoding="UTF-8"?>
<!-- Generated by org.testng.reporters.JUnitReportReporter -->
<testsuite hostname="Neevetha" failures="0" tests="1" name="scripts.FaceBookLike" time="37.943" errors="0" timestamp="2021-10-01T22:49:14 IST" skipped="0">
  <testcase classname="scripts.FaceBookLike" name="tc2" time="37.943"/>
  <system-out/>
</testsuite> <!-- scripts.FaceBookLike -->
